{
  "RSpec": {
    "coverage": {
      "/Users/reenakoudi/Projects/airport-ruby/spec/airport_spec.rb": [
        1,
        null,
        null,
        1,
        9,
        9,
        3,
        null,
        null,
        1,
        null,
        null,
        null,
        null,
        1,
        1,
        1,
        null,
        null,
        1,
        1,
        1,
        2,
        null,
        null,
        1,
        1,
        2,
        null,
        null,
        null,
        1,
        1,
        1,
        1,
        null,
        null,
        1,
        1,
        1,
        1,
        null,
        null,
        1,
        1,
        1,
        2,
        null,
        null,
        null,
        null,
        null,
        1,
        null,
        null,
        null,
        null,
        1,
        1,
        2,
        null,
        null,
        null,
        1,
        1,
        null,
        1,
        null,
        2,
        null,
        null,
        null,
        null
      ],
      "/Users/reenakoudi/Projects/airport-ruby/lib/airport.rb": [
        1,
        1,
        null,
        1,
        1,
        1,
        1,
        null,
        1,
        8,
        8,
        null,
        null,
        1,
        11,
        10,
        9,
        8,
        null,
        null,
        1,
        5,
        4,
        3,
        3,
        null,
        null,
        1,
        1,
        13,
        null,
        null
      ],
      "/Users/reenakoudi/Projects/airport-ruby/lib/plane.rb": [
        1,
        1,
        0,
        null,
        null
      ],
      "/Users/reenakoudi/Projects/airport-ruby/lib/weather.rb": [
        1,
        null,
        1,
        1,
        1,
        null,
        null,
        null
      ],
      "/Users/reenakoudi/Projects/airport-ruby/spec/weather_spec.rb": [
        1,
        null,
        1,
        2,
        null,
        1,
        null,
        1,
        1,
        1,
        null,
        null
      ]
    },
    "timestamp": 1524506658
  }
}
