{
  "RSpec": {
    "coverage": {
      "/Users/reenakoudi/Projects/airport-ruby/spec/airport_spec.rb": [
        1,
        null,
        null,
        1,
        7,
        7,
        3,
        null,
        null,
        1,
        1,
        4,
        null,
        null,
        1,
        1,
        1,
        null,
        null,
        1,
        21,
        2,
        null,
        null,
        null,
        1,
        1,
        1,
        1,
        null,
        null,
        1,
        1,
        1,
        1,
        null,
        null,
        null,
        null,
        null,
        1,
        1,
        2,
        null,
        null,
        1,
        1,
        2,
        null,
        null,
        null,
        1,
        1,
        1,
        1,
        1,
        2,
        null,
        null,
        null,
        null
      ],
      "/Users/reenakoudi/Projects/airport-ruby/lib/airport.rb": [
        1,
        1,
        null,
        1,
        1,
        1,
        null,
        1,
        6,
        6,
        6,
        null,
        null,
        1,
        27,
        26,
        25,
        null,
        null,
        1,
        3,
        2,
        2,
        null,
        null
      ],
      "/Users/reenakoudi/Projects/airport-ruby/lib/plane.rb": [
        1,
        1,
        0,
        null,
        null
      ],
      "/Users/reenakoudi/Projects/airport-ruby/lib/weather.rb": [
        1,
        null,
        1,
        0,
        null,
        null,
        1,
        2,
        null,
        null,
        null
      ],
      "/Users/reenakoudi/Projects/airport-ruby/spec/weather_spec.rb": [
        1,
        null,
        1,
        3,
        null,
        1,
        1,
        1,
        1,
        null,
        null,
        1,
        1,
        1,
        null,
        null,
        null
      ]
    },
    "timestamp": 1524423097
  }
}
